<?xml version="1.0" encoding="UTF-8"?>
<testsuite xmlns:xsi="http://www.w3.org/2001/XMLSchema-instance" xsi:noNamespaceSchemaLocation="https://maven.apache.org/surefire/maven-surefire-plugin/xsd/surefire-test-report-3.0.xsd" version="3.0" name="org.codingsense.restapiprac.RestApiPracApplicationTests" time="4.253" tests="1" errors="0" skipped="0" failures="0">
  <properties>
[...]
</properties>
  <testcase name="contextLoads" classname="org.codingsense.restapiprac.RestApiPracApplicationTests" time="0.324">
    <system-out><![CDATA[18:44:36.652 [main] INFO org.springframework.test.context.support.AnnotationConfigContextLoaderUtils -- Could not detect default configuration classes for test class [org.codingsense.restapiprac.RestApiPracApplicationTests]: RestApiPracApplicationTests does not declare any static, non-private, non-final, nested classes annotated with @Configuration.
18:44:36.697 [main] INFO org.springframework.boot.test.context.SpringBootTestContextBootstrapper -- Found @SpringBootConfiguration org.codingsense.restapiprac.RestApiPracApplication for test class org.codingsense.restapiprac.RestApiPracApplicationTests
18:44:36.765 [main] INFO org.springframework.boot.devtools.restart.RestartApplicationListener -- Restart disabled due to context in which it is running

  .   ____          _            __ _ _
 /\\ / ___'_ __ _ _(_)_ __  __ _ \ \ \ \
( ( )\___ | '_ | '_| | '_ \/ _` | \ \ \ \
 \\/  ___)| |_)| | | | | || (_| |  ) ) ) )
  '  |____| .__|_| |_|_| |_\__, | / / / /
 =========|_|==============|___/=/_/_/_/
 :: Spring Boot ::                (v3.2.5)

2024-08-19T18:44:36.927+06:00  INFO 15371 --- [rest-api-prac] [           main] o.c.r.RestApiPracApplicationTests        : Starting RestApiPracApplicationTests using Java 21.0.2 with PID 15371 (started by maruf in /home/maruf/Downloads/rest-api-prac)
2024-08-19T18:44:36.928+06:00  INFO 15371 --- [rest-api-prac] [           main] o.c.r.RestApiPracApplicationTests        : No active profile set, falling back to 1 default profile: "default"
2024-08-19T18:44:37.529+06:00  INFO 15371 --- [rest-api-prac] [           main] .s.d.r.c.RepositoryConfigurationDelegate : Bootstrapping Spring Data JPA repositories in DEFAULT mode.
2024-08-19T18:44:37.555+06:00  INFO 15371 --- [rest-api-prac] [           main] .s.d.r.c.RepositoryConfigurationDelegate : Finished Spring Data repository scanning in 22 ms. Found 2 JPA repository interfaces.
2024-08-19T18:44:37.953+06:00  INFO 15371 --- [rest-api-prac] [           main] o.hibernate.jpa.internal.util.LogHelper  : HHH000204: Processing PersistenceUnitInfo [name: default]
2024-08-19T18:44:37.993+06:00  INFO 15371 --- [rest-api-prac] [           main] org.hibernate.Version                    : HHH000412: Hibernate ORM core version 6.4.4.Final
2024-08-19T18:44:38.019+06:00  INFO 15371 --- [rest-api-prac] [           main] o.h.c.internal.RegionFactoryInitiator    : HHH000026: Second-level cache disabled
2024-08-19T18:44:38.191+06:00  INFO 15371 --- [rest-api-prac] [           main] o.s.o.j.p.SpringPersistenceUnitInfo      : No LoadTimeWeaver setup: ignoring JPA class transformer
2024-08-19T18:44:38.216+06:00  INFO 15371 --- [rest-api-prac] [           main] com.zaxxer.hikari.HikariDataSource       : HikariPool-1 - Starting...
2024-08-19T18:44:38.450+06:00  INFO 15371 --- [rest-api-prac] [           main] com.zaxxer.hikari.pool.HikariPool        : HikariPool-1 - Added connection com.mysql.cj.jdbc.ConnectionImpl@18ac4af6
2024-08-19T18:44:38.452+06:00  INFO 15371 --- [rest-api-prac] [           main] com.zaxxer.hikari.HikariDataSource       : HikariPool-1 - Start completed.
2024-08-19T18:44:39.015+06:00  INFO 15371 --- [rest-api-prac] [           main] o.h.e.t.j.p.i.JtaPlatformInitiator       : HHH000489: No JTA platform available (set 'hibernate.transaction.jta.platform' to enable JTA platform integration)
Hibernate: alter table post drop foreign key FK72mt33dhhs48hf9gcqrq4fxte
Hibernate: drop table if exists post
Hibernate: drop table if exists user
Hibernate: drop table if exists user_seq
Hibernate: create table post (id integer not null auto_increment, user_id integer, description varchar(255), primary key (id)) engine=InnoDB
Hibernate: create table user (birthdate date not null, id integer not null, name varchar(50), primary key (id)) engine=InnoDB
Hibernate: create table user_seq (next_val bigint) engine=InnoDB
Hibernate: insert into user_seq values ( 1 )
Hibernate: alter table post add constraint FK72mt33dhhs48hf9gcqrq4fxte foreign key (user_id) references user (id)
2024-08-19T18:44:39.079+06:00  INFO 15371 --- [rest-api-prac] [           main] j.LocalContainerEntityManagerFactoryBean : Initialized JPA EntityManagerFactory for persistence unit 'default'
2024-08-19T18:44:39.437+06:00  WARN 15371 --- [rest-api-prac] [           main] JpaBaseConfiguration$JpaWebConfiguration : spring.jpa.open-in-view is enabled by default. Therefore, database queries may be performed during view rendering. Explicitly configure spring.jpa.open-in-view to disable this warning
2024-08-19T18:44:40.348+06:00  INFO 15371 --- [rest-api-prac] [           main] o.s.b.a.e.web.EndpointLinksResolver      : Exposing 13 endpoint(s) beneath base path '/actuator'
2024-08-19T18:44:40.420+06:00  INFO 15371 --- [rest-api-prac] [           main] o.c.r.RestApiPracApplicationTests        : Started RestApiPracApplicationTests in 3.66 seconds (process running for 4.128)
]]></system-out>
    <system-err><![CDATA[WARNING: A Java agent has been loaded dynamically (/home/maruf/.m2/repository/net/bytebuddy/byte-buddy-agent/1.14.13/byte-buddy-agent-1.14.13.jar)
WARNING: If a serviceability tool is in use, please run with -XX:+EnableDynamicAgentLoading to hide this warning
WARNING: If a serviceability tool is not in use, please run with -Djdk.instrument.traceUsage for more information
WARNING: Dynamic loading of agents will be disallowed by default in a future release
]]></system-err>
  </testcase>
</testsuite>